2014-12-19 17:43:52	登陆成功！ sid:AXWhH5A-wqM1etoHD_MVVzpn
2014-12-19 18:18:52	登陆成功！ sid:AXWhH5A-wqM1etoHD_MVVzpu
2014-12-19 18:53:52	登陆成功！ sid:AXWhH5A-wqM1etoHD_MVVzp0
2014-12-19 19:28:55	登陆成功！ sid:AXWhH5A-wqM1etoHD_MVVzp6
2014-12-19 20:03:55	登陆成功！ sid:AXWhH5A-wqM1etoHD_MVVzqA
2014-12-19 20:38:58	登陆成功！ sid:AXWhH5A-wqM1etoHD_MVVzqH
2014-12-19 21:14:01	登陆成功！ sid:AXWhH5A-wqM1etoHD_MVVzqN
2014-12-19 21:49:04	登陆成功！ sid:AXWhH5A-wqM1etoHD_MVVzqT
2014-12-19 22:24:10	登陆成功！ sid:AXWhH5A-wqM1etoHD_MVVzqZ
PHP Notice:  Undefined offset: 1 in /var/www/qq/qq.php on line 114
登陆失败！请检查用户名和密码是否正确！2014-12-19 22:59:37	登陆成功！ sid:AXWhH5A-wqM1etoHD_MVVzqg
2014-12-19 23:34:51	登陆成功！ sid:AXWhH5A-wqM1etoHD_MVVzqm
2014-12-20 00:09:55	登陆成功！ sid:AXWhH5A-wqM1etoHD_MVVzqs
2014-12-20 00:44:56	登陆成功！ sid:AXWhH5A-wqM1etoHD_MVVzqy
2014-12-20 01:19:56	登陆成功！ sid:AXWhH5A-wqM1etoHD_MVVzq5
2014-12-20 01:55:01	登陆成功！ sid:AXWhH5A-wqM1etoHD_MVVzq_
2014-12-20 02:30:06	登陆成功！ sid:AXWhH5A-wqM1etoHD_MVVzrF
2014-12-20 03:05:09	登陆成功！ sid:AXWhH5A-wqM1etoHD_MVVzrL
2014-12-20 03:40:11	登陆成功！ sid:AXWhH5A-wqM1etoHD_MVVzrS
2014-12-20 04:15:11	登陆成功！ sid:AXWhH5A-wqM1etoHD_MVVzrY
2014-12-20 04:50:13	登陆成功！ sid:AXWhH5A-wqM1etoHD_MVVzre
2014-12-20 05:25:13	登陆成功！ sid:AXWhH5A-wqM1etoHD_MVVzrk
2014-12-20 06:00:12	登陆成功！ sid:AXWhH5A-wqM1etoHD_MVVzrr
2014-12-20 06:35:12	登陆成功！ sid:AXWhH5A-wqM1etoHD_MVVzrx
2014-12-20 07:10:15	登陆成功！ sid:AXWhH5A-wqM1etoHD_MVVzr3
2014-12-20 07:45:17	登陆成功！ sid:AXWhH5A-wqM1etoHD_MVVzr9
2014-12-20 08:20:20	登陆成功！ sid:Afs_58r17kVZnKsCvMBfgF8D
2014-12-20 08:55:31	登陆成功！ sid:Afs_58r17kVZnKsCvMBfgF8K
2014-12-20 09:30:31	登陆成功！ sid:Afs_58r17kVZnKsCvMBfgF8Q
2014-12-20 10:05:41	登陆成功！ sid:Afs_58r17kVZnKsCvMBfgF8W
2014-12-20 10:40:43	登陆成功！ sid:Afs_58r17kVZnKsCvMBfgF8c
2014-12-20 11:15:46	登陆成功！ sid:Afs_58r17kVZnKsCvMBfgF8j
2014-12-20 11:50:47	登陆成功！ sid:Afs_58r17kVZnKsCvMBfgF8p
2014-12-20 12:25:49	登陆成功！ sid:Afs_58r17kVZnKsCvMBfgF8v
2014-12-20 13:00:52	登陆成功！ sid:Afs_58r17kVZnKsCvMBfgF81
2014-12-20 13:36:02	登陆成功！ sid:Afs_58r17kVZnKsCvMBfgF88
2014-12-20 14:11:03	登陆成功！ sid:Afs_58r17kVZnKsCvMBfgF9C
2014-12-20 14:46:04	登陆成功！ sid:Afs_58r17kVZnKsCvMBfgF9I
2014-12-20 15:21:07	登陆成功！ sid:Afs_58r17kVZnKsCvMBfgF9O
2014-12-20 15:56:08	登陆成功！ sid:Afs_58r17kVZnKsCvMBfgF9U
2014-12-20 16:31:09	登陆成功！ sid:Afs_58r17kVZnKsCvMBfgF9b
2014-12-20 17:06:10	登陆成功！ sid:Afs_58r17kVZnKsCvMBfgF9h
2014-12-20 17:41:13	登陆成功！ sid:Afs_58r17kVZnKsCvMBfgF9n
2014-12-20 18:16:13	登陆成功！ sid:Afs_58r17kVZnKsCvMBfgF9t
2014-12-20 18:51:14	登陆成功！ sid:Afs_58r17kVZnKsCvMBfgF90
2014-12-20 19:26:15	登陆成功！ sid:Afs_58r17kVZnKsCvMBfgF96
2014-12-20 20:01:15	登陆成功！ sid:Afs_58r17kVZnKsCvMBfgF-A
2014-12-20 20:36:19	登陆成功！ sid:Afs_58r17kVZnKsCvMBfgF-G
2014-12-20 21:11:20	登陆成功！ sid:Afs_58r17kVZnKsCvMBfgF-M
2014-12-20 21:46:23	登陆成功！ sid:Afs_58r17kVZnKsCvMBfgF-T
2014-12-20 22:21:24	登陆成功！ sid:Afs_58r17kVZnKsCvMBfgF-Z
2014-12-20 22:56:24	登陆成功！ sid:Afs_58r17kVZnKsCvMBfgF-f
2014-12-20 23:31:26	登陆成功！ sid:Afs_58r17kVZnKsCvMBfgF-l
2014-12-21 00:06:25	登陆成功！ sid:Afs_58r17kVZnKsCvMBfgF-s
2014-12-21 00:41:27	登陆成功！ sid:Afs_58r17kVZnKsCvMBfgF-y
2014-12-21 01:16:28	登陆成功！ sid:Afs_58r17kVZnKsCvMBfgF-4
2014-12-21 01:20:10	登陆成功！ sid:Afs_58r17kVZnKsCvMBfgF-5
2014-12-21 01:55:09	登陆成功！ sid:Afs_58r17kVZnKsCvMBfgF-_
2014-12-21 02:30:10	登陆成功！ sid:Afs_58r17kVZnKsCvMBfgF_F
2014-12-21 03:05:12	登陆成功！ sid:Afs_58r17kVZnKsCvMBfgF_L
2014-12-21 03:40:12	登陆成功！ sid:Afs_58r17kVZnKsCvMBfgF_S
2014-12-21 04:15:14	登陆成功！ sid:Afs_58r17kVZnKsCvMBfgF_Y
2014-12-21 04:50:14	登陆成功！ sid:Afs_58r17kVZnKsCvMBfgF_e
2014-12-21 05:25:15	登陆成功！ sid:Afs_58r17kVZnKsCvMBfgF_k
2014-12-21 06:00:15	登陆成功！ sid:Afs_58r17kVZnKsCvMBfgF_r
2014-12-21 06:35:16	登陆成功！ sid:Afs_58r17kVZnKsCvMBfgF_x
2014-12-21 07:10:18	登陆成功！ sid:Afs_58r17kVZnKsCvMBfgF_3
2014-12-21 07:45:20	登陆成功！ sid:Afs_58r17kVZnKsCvMBfgF_9
2014-12-21 08:20:20	登陆成功！ sid:ARjMDEHGfx-V7QnUs92QGXsD
2014-12-21 08:55:22	登陆成功！ sid:ARjMDEHGfx-V7QnUs92QGXsK
2014-12-21 09:30:22	登陆成功！ sid:ARjMDEHGfx-V7QnUs92QGXsQ
2014-12-21 10:05:24	登陆成功！ sid:ARjMDEHGfx-V7QnUs92QGXsW
2014-12-21 10:40:28	登陆成功！ sid:ARjMDEHGfx-V7QnUs92QGXsc
2014-12-21 11:15:30	登陆成功！ sid:ARjMDEHGfx-V7QnUs92QGXsj
2014-12-21 11:50:30	登陆成功！ sid:ARjMDEHGfx-V7QnUs92QGXsp
2014-12-21 12:25:30	登陆成功！ sid:ARjMDEHGfx-V7QnUs92QGXsv
2014-12-21 13:00:33	登陆成功！ sid:ARjMDEHGfx-V7QnUs92QGXs1
2014-12-21 13:35:35	登陆成功！ sid:ARjMDEHGfx-V7QnUs92QGXs7
2014-12-21 14:10:36	登陆成功！ sid:ARjMDEHGfx-V7QnUs92QGXtC
2014-12-21 14:45:37	登陆成功！ sid:ARjMDEHGfx-V7QnUs92QGXtI
2014-12-21 15:20:37	登陆成功！ sid:ARjMDEHGfx-V7QnUs92QGXtO
2014-12-21 15:55:40	登陆成功！ sid:ARjMDEHGfx-V7QnUs92QGXtU
2014-12-21 16:30:42	登陆成功！ sid:ARjMDEHGfx-V7QnUs92QGXtb
2014-12-21 17:05:42	登陆成功！ sid:ARjMDEHGfx-V7QnUs92QGXth
2014-12-21 17:40:42	登陆成功！ sid:ARjMDEHGfx-V7QnUs92QGXtn
2014-12-21 18:15:44	登陆成功！ sid:ARjMDEHGfx-V7QnUs92QGXtt
2014-12-21 18:50:44	登陆成功！ sid:ARjMDEHGfx-V7QnUs92QGXtz
2014-12-21 19:25:45	登陆成功！ sid:ARjMDEHGfx-V7QnUs92QGXt6
2014-12-21 20:00:46	登陆成功！ sid:ARjMDEHGfx-V7QnUs92QGXuA
2014-12-21 20:35:47	登陆成功！ sid:ARjMDEHGfx-V7QnUs92QGXuG
2014-12-21 21:10:47	登陆成功！ sid:ARjMDEHGfx-V7QnUs92QGXuM
2014-12-21 21:45:54	登陆成功！ sid:ARjMDEHGfx-V7QnUs92QGXuT
2014-12-21 22:20:55	登陆成功！ sid:ARjMDEHGfx-V7QnUs92QGXuZ
2014-12-21 22:55:57	登陆成功！ sid:ARjMDEHGfx-V7QnUs92QGXuf
2014-12-21 23:30:58	登陆成功！ sid:ARjMDEHGfx-V7QnUs92QGXul
2014-12-22 00:05:58	登陆成功！ sid:ARjMDEHGfx-V7QnUs92QGXur
2014-12-22 00:40:59	登陆成功！ sid:ARjMDEHGfx-V7QnUs92QGXuy
2014-12-22 01:16:01	登陆成功！ sid:ARjMDEHGfx-V7QnUs92QGXu4
2014-12-22 01:20:07	登陆成功！ sid:ARjMDEHGfx-V7QnUs92QGXu5
2014-12-22 01:55:06	登陆成功！ sid:ARjMDEHGfx-V7QnUs92QGXu_
2014-12-22 02:30:08	登陆成功！ sid:ARjMDEHGfx-V7QnUs92QGXvF
2014-12-22 03:05:10	登陆成功！ sid:ARjMDEHGfx-V7QnUs92QGXvL
2014-12-22 03:40:17	登陆成功！ sid:ARjMDEHGfx-V7QnUs92QGXvS
2014-12-22 04:15:20	登陆成功！ sid:ARjMDEHGfx-V7QnUs92QGXvY
2014-12-22 04:50:22	登陆成功！ sid:ARjMDEHGfx-V7QnUs92QGXve
2014-12-22 05:25:24	登陆成功！ sid:ARjMDEHGfx-V7QnUs92QGXvk
2014-12-22 05:53:20	登陆成功！ sid:ARjMDEHGfx-V7QnUs92QGXvp
2014-12-22 06:28:23	登陆成功！ sid:ARjMDEHGfx-V7QnUs92QGXvv
2014-12-22 07:03:23	登陆成功！ sid:ARjMDEHGfx-V7QnUs92QGXv2
2014-12-22 07:38:24	登陆成功！ sid:ARjMDEHGfx-V7QnUs92QGXv8
2014-12-22 08:13:25	登陆成功！ sid:AVNdBApW9PSz8QQcW2BmVpcC
2014-12-22 08:48:28	登陆成功！ sid:AVNdBApW9PSz8QQcW2BmVpcI
2014-12-22 09:23:31	登陆成功！ sid:AVNdBApW9PSz8QQcW2BmVpcP

消息发送成功！MySQL server has gone awaySELECT  rd,sindex,lindex, up, down,eq, cdate, ctime,NAME FROM stock.gpjs WHERE cdate=DATE(NOW())PHP Warning:  Invalid argument supplied for foreach() in /var/www/qq/qq.php on line 316

消息发送成功！
消息发送成功！
消息发送成功！
消息发送成功！
消息发送成功！
消息发送成功！
消息发送成功！
消息发送成功！
消息发送成功！
消息发送成功！
消息发送成功！
消息发送成功！
消息发送成功！
消息发送成功！
消息发送成功！
消息发送成功！
消息发送成功！
消息发送成功！
消息发送成功！
消息发送成功！
消息发送成功！
消息发送成功！
消息发送成功！
消息发送成功！2014-12-22 10:53:36	登陆成功！ sid:AVNdBApW9PSz8QQcW2BmVpcf

消息发送成功！
消息发送成功！
消息发送成功！
消息发送成功！
消息发送成功！
消息发送成功！
消息发送成功！
消息发送成功！
消息发送成功！
消息发送成功！
消息发送成功！
消息发送成功！
消息发送成功！
消息发送成功！2014-12-22 12:22:56	登陆成功！ sid:AVNdBApW9PSz8QQcW2BmVpcu
2014-12-22 12:57:56	登陆成功！ sid:AVNdBApW9PSz8QQcW2BmVpc1
2014-12-22 13:32:56	登陆成功！ sid:AVNdBApW9PSz8QQcW2BmVpc7

消息发送成功！
消息发送成功！
消息发送成功！
消息发送成功！
消息发送成功！
消息发送成功！
消息发送成功！
消息发送成功！
消息发送成功！
消息发送成功！2014-12-22 15:03:00	登陆成功！ sid:AVNdBApW9PSz8QQcW2BmVpdL
2014-12-22 15:38:00	登陆成功！ sid:AVNdBApW9PSz8QQcW2BmVpdR
2014-12-22 16:13:00	登陆成功！ sid:AVNdBApW9PSz8QQcW2BmVpdX
2014-12-22 16:48:02	登陆成功！ sid:AVNdBApW9PSz8QQcW2BmVpde
2014-12-22 17:23:05	登陆成功！ sid:AVNdBApW9PSz8QQcW2BmVpdk
2014-12-22 17:58:06	登陆成功！ sid:AVNdBApW9PSz8QQcW2BmVpdq
2014-12-22 18:33:07	登陆成功！ sid:AVNdBApW9PSz8QQcW2BmVpdw
2014-12-22 19:08:07	登陆成功！ sid:AVNdBApW9PSz8QQcW2BmVpd3
2014-12-22 19:43:08	登陆成功！ sid:AVNdBApW9PSz8QQcW2BmVpd9
2014-12-22 20:18:08	登陆成功！ sid:AVNdBApW9PSz8QQcW2BmVpeD
2014-12-22 20:53:08	登陆成功！ sid:AVNdBApW9PSz8QQcW2BmVpeJ
2014-12-22 21:28:09	登陆成功！ sid:AVNdBApW9PSz8QQcW2BmVpeP
2014-12-22 22:03:09	登陆成功！ sid:AVNdBApW9PSz8QQcW2BmVpeW
2014-12-22 22:38:10	登陆成功！ sid:AVNdBApW9PSz8QQcW2BmVpec
2014-12-22 23:13:11	登陆成功！ sid:AVNdBApW9PSz8QQcW2BmVpei
2014-12-22 23:48:10	登陆成功！ sid:AVNdBApW9PSz8QQcW2BmVpeo
2014-12-23 00:23:11	登陆成功！ sid:AVNdBApW9PSz8QQcW2BmVpev
2014-12-23 00:58:14	登陆成功！ sid:AVNdBApW9PSz8QQcW2BmVpe1
2014-12-23 01:20:08	登陆成功！ sid:AVNdBApW9PSz8QQcW2BmVpe5
2014-12-23 01:20:09	登陆成功！ sid:AVNdBApW9PSz8QQcW2BmVpe5
2014-12-23 01:23:44	登陆成功！ sid:AVNdBApW9PSz8QQcW2BmVpe5
2014-12-23 01:58:46	登陆成功！ sid:AVNdBApW9PSz8QQcW2BmVpe_
2014-12-23 02:33:47	登陆成功！ sid:AVNdBApW9PSz8QQcW2BmVpfG
2014-12-23 03:08:49	登陆成功！ sid:AVNdBApW9PSz8QQcW2BmVpfM
2014-12-23 03:43:51	登陆成功！ sid:AVNdBApW9PSz8QQcW2BmVpfS
2014-12-23 04:18:51	登陆成功！ sid:AVNdBApW9PSz8QQcW2BmVpfY
2014-12-23 04:53:51	登陆成功！ sid:AVNdBApW9PSz8QQcW2BmVpff
2014-12-23 05:28:51	登陆成功！ sid:AVNdBApW9PSz8QQcW2BmVpfl
2014-12-23 06:03:53	登陆成功！ sid:AVNdBApW9PSz8QQcW2BmVpfr
2014-12-23 06:38:56	登陆成功！ sid:AVNdBApW9PSz8QQcW2BmVpfx
2014-12-23 07:13:57	登陆成功！ sid:AVNdBApW9PSz8QQcW2BmVpf3
2014-12-23 07:49:01	登陆成功！ sid:AVNdBApW9PSz8QQcW2BmVpf-
2014-12-23 08:24:02	登陆成功！ sid:ASBqvHK39ZjrkQEuBE9UQK8E
2014-12-23 08:59:04	登陆成功！ sid:ASBqvHK39ZjrkQEuBE9UQK8K
MySQL server has gone away
            select T.*,gpjs.rd,gpjs.name from (

                select cdate, ROUND( SUM(main_money/10000/10000),2) main_money, round( sum(super_money/10000/10000),2) super_money, round(SUM(small_money/10000/10000),2) small_money from ggzj  group by cdate order by cdate desc limit 5

            ) T left join gpjs on gpjs.cdate=T.cdate and gpjs.scode='0000011' order by T.cdate



            PHP Warning:  Invalid argument supplied for foreach() in /var/www/qq/qq.php on line 316

消息发送成功！
消息发送成功！
消息发送成功！
消息发送成功！2014-12-23 10:09:04	登陆成功！ sid:ASBqvHK39ZjrkQEuBE9UQK8X
2014-12-23 10:44:06	登陆成功！ sid:ASBqvHK39ZjrkQEuBE9UQK8d
2014-12-23 11:19:07	登陆成功！ sid:ASBqvHK39ZjrkQEuBE9UQK8j
2014-12-23 11:54:09	登陆成功！ sid:ASBqvHK39ZjrkQEuBE9UQK8p
2014-12-23 12:29:11	登陆成功！ sid:ASBqvHK39ZjrkQEuBE9UQK8w
2014-12-23 13:04:12	登陆成功！ sid:ASBqvHK39ZjrkQEuBE9UQK82
2014-12-23 13:39:13	登陆成功！ sid:ASBqvHK39ZjrkQEuBE9UQK88
2014-12-23 14:14:16	登陆成功！ sid:ASBqvHK39ZjrkQEuBE9UQK9C
2014-12-23 14:49:16	登陆成功！ sid:ASBqvHK39ZjrkQEuBE9UQK9J

消息发送成功！
消息发送成功！
消息发送成功！2014-12-23 15:27:23	登陆成功！ sid:ASBqvHK39ZjrkQEuBE9UQK9P
2014-12-23 16:02:23	登陆成功！ sid:ASBqvHK39ZjrkQEuBE9UQK9W
2014-12-23 16:37:25	登陆成功！ sid:ASBqvHK39ZjrkQEuBE9UQK9c
2014-12-23 17:12:25	登陆成功！ sid:ASBqvHK39ZjrkQEuBE9UQK9i
2014-12-23 17:47:25	登陆成功！ sid:ASBqvHK39ZjrkQEuBE9UQK9o
2014-12-23 18:22:27	登陆成功！ sid:ASBqvHK39ZjrkQEuBE9UQK9u
2014-12-23 18:57:29	登陆成功！ sid:ASBqvHK39ZjrkQEuBE9UQK91
2014-12-23 19:32:32	登陆成功！ sid:ASBqvHK39ZjrkQEuBE9UQK97
2014-12-23 20:07:33	登陆成功！ sid:ASBqvHK39ZjrkQEuBE9UQK-B
2014-12-23 20:42:35	登陆成功！ sid:ASBqvHK39ZjrkQEuBE9UQK-H
2014-12-23 21:17:37	登陆成功！ sid:ASBqvHK39ZjrkQEuBE9UQK-O
2014-12-23 21:52:38	登陆成功！ sid:ASBqvHK39ZjrkQEuBE9UQK-U
2014-12-23 22:27:38	登陆成功！ sid:ASBqvHK39ZjrkQEuBE9UQK-a

消息发送成功！
消息发送成功！PHP Fatal error:  Cannot redeclare class DB in /var/www/stock/common/common.inc.php on line 318
PHP Fatal error:  Cannot redeclare class DB in /var/www/stock/common/common.inc.php on line 318
2014-12-23 23:15:06	登陆成功！ sid:ASBqvHK39ZjrkQEuBE9UQK-j
2014-12-23 23:50:07	登陆成功！ sid:ASBqvHK39ZjrkQEuBE9UQK-p
2014-12-24 00:25:08	登陆成功！ sid:ASBqvHK39ZjrkQEuBE9UQK-v
2014-12-24 01:00:08	登陆成功！ sid:ASBqvHK39ZjrkQEuBE9UQK-1
2014-12-24 01:20:05	登陆成功！ sid:ASBqvHK39ZjrkQEuBE9UQK-5
2014-12-24 01:55:07	登陆成功！ sid:ASBqvHK39ZjrkQEuBE9UQK-_
2014-12-24 02:30:08	登陆成功！ sid:ASBqvHK39ZjrkQEuBE9UQK_F
2014-12-24 03:05:11	登陆成功！ sid:ASBqvHK39ZjrkQEuBE9UQK_L
2014-12-24 03:40:11	登陆成功！ sid:ASBqvHK39ZjrkQEuBE9UQK_S
2014-12-24 04:15:10	登陆成功！ sid:ASBqvHK39ZjrkQEuBE9UQK_Y
2014-12-24 04:50:10	登陆成功！ sid:ASBqvHK39ZjrkQEuBE9UQK_e
2014-12-24 05:25:11	登陆成功！ sid:ASBqvHK39ZjrkQEuBE9UQK_k
2014-12-24 06:00:11	登陆成功！ sid:ASBqvHK39ZjrkQEuBE9UQK_r
2014-12-24 06:35:10	登陆成功！ sid:ASBqvHK39ZjrkQEuBE9UQK_x
2014-12-24 07:10:11	登陆成功！ sid:ASBqvHK39ZjrkQEuBE9UQK_3
2014-12-24 07:45:11	登陆成功！ sid:ASBqvHK39ZjrkQEuBE9UQK_9
2014-12-24 08:20:11	登陆成功！ sid:AV7zyskhDC7iZxa3-e8ylzQD
2014-12-24 08:55:10	登陆成功！ sid:AV7zyskhDC7iZxa3-e8ylzQK
2014-12-24 09:30:14	登陆成功！ sid:AV7zyskhDC7iZxa3-e8ylzQQ
2014-12-24 10:05:16	登陆成功！ sid:AV7zyskhDC7iZxa3-e8ylzQW
2014-12-24 10:40:15	登陆成功！ sid:AV7zyskhDC7iZxa3-e8ylzQc
2014-12-24 11:15:17	登陆成功！ sid:AV7zyskhDC7iZxa3-e8ylzQj
2014-12-24 11:50:17	登陆成功！ sid:AV7zyskhDC7iZxa3-e8ylzQp
2014-12-24 12:25:16	登陆成功！ sid:AV7zyskhDC7iZxa3-e8ylzQv
2014-12-24 13:00:18	登陆成功！ sid:AV7zyskhDC7iZxa3-e8ylzQ1
2014-12-24 13:35:17	登陆成功！ sid:AV7zyskhDC7iZxa3-e8ylzQ7
2014-12-24 14:10:18	登陆成功！ sid:AV7zyskhDC7iZxa3-e8ylzRC
2014-12-24 14:45:18	登陆成功！ sid:AV7zyskhDC7iZxa3-e8ylzRI
2014-12-24 15:20:19	登陆成功！ sid:AV7zyskhDC7iZxa3-e8ylzRO
2014-12-24 15:55:20	登陆成功！ sid:AV7zyskhDC7iZxa3-e8ylzRU
MySQL server has gone away
            select T.*,gpjs.rd,gpjs.name from (

                select cdate, ROUND( SUM(main_money/10000/10000),2) main_money, round( sum(super_money/10000/10000),2) super_money, round(SUM(small_money/10000/10000),2) small_money from ggzj  group by cdate order by cdate desc limit 5

            ) T left join gpjs on gpjs.cdate=T.cdate and gpjs.scode='0000011' order by T.cdate



            PHP Warning:  Invalid argument supplied for foreach() in /var/www/qq/qq.php on line 316
2014-12-24 16:30:24	登陆成功！ sid:AV7zyskhDC7iZxa3-e8ylzRb
2014-12-24 17:05:24	登陆成功！ sid:AV7zyskhDC7iZxa3-e8ylzRh
2014-12-24 17:40:30	登陆成功！ sid:AV7zyskhDC7iZxa3-e8ylzRn
2014-12-24 18:15:30	登陆成功！ sid:AV7zyskhDC7iZxa3-e8ylzRt
2014-12-24 18:50:31	登陆成功！ sid:AV7zyskhDC7iZxa3-e8ylzRz
2014-12-24 19:25:35	登陆成功！ sid:AV7zyskhDC7iZxa3-e8ylzR6
2014-12-24 20:00:41	登陆成功！ sid:AV7zyskhDC7iZxa3-e8ylzSA
2014-12-24 20:35:46	登陆成功！ sid:AV7zyskhDC7iZxa3-e8ylzSG
2014-12-24 21:10:52	登陆成功！ sid:AV7zyskhDC7iZxa3-e8ylzSM
2014-12-24 21:45:53	登陆成功！ sid:AV7zyskhDC7iZxa3-e8ylzST
2014-12-24 22:20:53	登陆成功！ sid:AV7zyskhDC7iZxa3-e8ylzSZ
2014-12-24 22:55:54	登陆成功！ sid:AV7zyskhDC7iZxa3-e8ylzSf
2014-12-24 23:30:57	登陆成功！ sid:AV7zyskhDC7iZxa3-e8ylzSl
2014-12-25 00:05:59	登陆成功！ sid:AV7zyskhDC7iZxa3-e8ylzSs
2014-12-25 00:41:04	登陆成功！ sid:AV7zyskhDC7iZxa3-e8ylzSy
2014-12-25 01:16:03	登陆成功！ sid:AV7zyskhDC7iZxa3-e8ylzS4
2014-12-25 01:20:11	登陆成功！ sid:AV7zyskhDC7iZxa3-e8ylzS5
2014-12-25 01:55:10	登陆成功！ sid:AV7zyskhDC7iZxa3-e8ylzS_
2014-12-25 02:30:13	登陆成功！ sid:AV7zyskhDC7iZxa3-e8ylzTF
2014-12-25 03:05:15	登陆成功！ sid:AV7zyskhDC7iZxa3-e8ylzTL
2014-12-25 03:40:20	登陆成功！ sid:AV7zyskhDC7iZxa3-e8ylzTS
2014-12-25 04:15:26	登陆成功！ sid:AV7zyskhDC7iZxa3-e8ylzTY
2014-12-25 04:50:28	登陆成功！ sid:AV7zyskhDC7iZxa3-e8ylzTe
2014-12-25 05:25:27	登陆成功！ sid:AV7zyskhDC7iZxa3-e8ylzTk
2014-12-25 06:00:32	登陆成功！ sid:AV7zyskhDC7iZxa3-e8ylzTr
2014-12-25 06:35:35	登陆成功！ sid:AV7zyskhDC7iZxa3-e8ylzTx
2014-12-25 07:10:36	登陆成功！ sid:AV7zyskhDC7iZxa3-e8ylzT3
2014-12-25 07:45:36	登陆成功！ sid:AV7zyskhDC7iZxa3-e8ylzT9
2014-12-25 08:20:37	登陆成功！ sid:ASbw9hwVyn0N0PPag2O2cAgD
2014-12-25 08:55:38	登陆成功！ sid:ASbw9hwVyn0N0PPag2O2cAgK
2014-12-25 09:30:38	登陆成功！ sid:ASbw9hwVyn0N0PPag2O2cAgQ
2014-12-25 10:05:40	登陆成功！ sid:ASbw9hwVyn0N0PPag2O2cAgW
2014-12-25 10:40:42	登陆成功！ sid:ASbw9hwVyn0N0PPag2O2cAgc
2014-12-25 11:15:42	登陆成功！ sid:ASbw9hwVyn0N0PPag2O2cAgj
2014-12-25 11:50:42	登陆成功！ sid:ASbw9hwVyn0N0PPag2O2cAgp
2014-12-25 12:25:44	登陆成功！ sid:ASbw9hwVyn0N0PPag2O2cAgv
2014-12-25 13:00:46	登陆成功！ sid:ASbw9hwVyn0N0PPag2O2cAg1
2014-12-25 13:36:00	登陆成功！ sid:ASbw9hwVyn0N0PPag2O2cAg8
MySQL server has gone away
            select T.*,gpjs.rd,gpjs.name from (

                select cdate, ROUND( SUM(main_money/10000/10000),2) main_money, round( sum(super_money/10000/10000),2) super_money, round(SUM(small_money/10000/10000),2) small_money from ggzj  group by cdate order by cdate desc limit 5

            ) T left join gpjs on gpjs.cdate=T.cdate and gpjs.scode='0000011' order by T.cdate



            PHP Warning:  Invalid argument supplied for foreach() in /var/www/qq/qq.php on line 316

消息发送成功！
消息发送成功！
消息发送成功！
消息发送成功！
消息发送成功！
消息发送成功！
消息发送成功！
消息发送成功！
消息发送成功！
消息发送成功！2014-12-25 14:30:35	登陆成功！ sid:ASbw9hwVyn0N0PPag2O2cAhF

消息发送成功！
消息发送成功！2014-12-25 15:22:02	登陆成功！ sid:ASbw9hwVyn0N0PPag2O2cAhO
2014-12-25 15:57:03	登陆成功！ sid:ASbw9hwVyn0N0PPag2O2cAhV
